[14-Apr-2015 13:47:21] Error at framework/view/SSTemplateParser.php line 3872: Uncaught SSTemplateParseException: Parse error in template on line 4. Error was: Unknown open block "with" encountered. Perhaps you missed  the closing tag or have mis-spelled it? (http://pantry.local/_SILVERSTRIPE/denturetech-sales-tool/)
[14-Apr-2015 14:02:24] Error at framework/core/Object.php line 763: Uncaught Exception: Object->__call(): the method 'setrows' does not exist on 'HeaderField' (http://pantry.local/_SILVERSTRIPE/denturetech-sales-tool/admin/pages/edit/show/17)
[14-Apr-2015 14:02:26] Error at framework/core/Object.php line 763: Uncaught Exception: Object->__call(): the method 'setrows' does not exist on 'HeaderField' (http://pantry.local/_SILVERSTRIPE/denturetech-sales-tool/admin/pages/edit/show/17)
[14-Apr-2015 15:58:34] Error at framework/control/injector/InjectionCreator.php line 14: Uncaught ReflectionException: Class ProductRows does not exist (http://pantry.local/_SILVERSTRIPE/denturetech-sales-tool/admin/pages/edit/EditForm/field/ProductTabs/item/new)
[14-Apr-2015 15:58:35] Error at framework/control/injector/InjectionCreator.php line 14: Uncaught ReflectionException: Class ProductRows does not exist (http://pantry.local/_SILVERSTRIPE/denturetech-sales-tool/admin/pages/edit/EditForm/field/ProductTabs/item/new)
[14-Apr-2015 16:22:01] Warning at denturetech/code/PriceListPage.php line 52: sprintf(): Too few arguments (http://pantry.local/_SILVERSTRIPE/denturetech-sales-tool/price-list/)
[14-Apr-2015 16:22:55] Warning at denturetech/code/PriceListPage.php line 52: sprintf(): Too few arguments (http://pantry.local/_SILVERSTRIPE/denturetech-sales-tool/price-list/)
[15-Apr-2015 10:04:47] Error at framework/model/DataObject.php line 1562: Uncaught Exception: No has_one found on class 'ServiceTab', the has_many relation from 'PriceListPage' to 'ServiceTab' requires a has_one on 'ServiceTab' (http://pantry.local/_SILVERSTRIPE/denturetech-sales-tool/admin/pages/edit/show/23)
[15-Apr-2015 10:25:41] Error at framework/view/SSTemplateParser.php line 3872: Uncaught SSTemplateParseException: Parse error in template on line 48. Error was: Unknown open block "loop" encountered. Perhaps you missed  the closing tag or have mis-spelled it? (http://pantry.local/_SILVERSTRIPE/denturetech-sales-tool/price-list/)
[15-Apr-2015 10:26:33] Error at framework/view/SSTemplateParser.php line 3872: Uncaught SSTemplateParseException: Parse error in template on line 48. Error was: Unknown open block "loop" encountered. Perhaps you missed  the closing tag or have mis-spelled it? (http://pantry.local/_SILVERSTRIPE/denturetech-sales-tool/price-list/)
[15-Apr-2015 10:26:38] Error at framework/view/SSTemplateParser.php line 3872: Uncaught SSTemplateParseException: Parse error in template on line 48. Error was: Unknown open block "loop" encountered. Perhaps you missed  the closing tag or have mis-spelled it? (http://pantry.local/_SILVERSTRIPE/denturetech-sales-tool/price-list/)
[15-Apr-2015 10:26:47] Error at framework/view/SSTemplateParser.php line 3872: Uncaught SSTemplateParseException: Parse error in template on line 48. Error was: Unknown open block "loop" encountered. Perhaps you missed  the closing tag or have mis-spelled it? (http://pantry.local/_SILVERSTRIPE/denturetech-sales-tool/price-list/)
[15-Apr-2015 10:27:29] Error at framework/view/SSTemplateParser.php line 3872: Uncaught SSTemplateParseException: Parse error in template on line 48. Error was: Unknown open block "loop" encountered. Perhaps you missed  the closing tag or have mis-spelled it? (http://pantry.local/_SILVERSTRIPE/denturetech-sales-tool/price-list/)
[15-Apr-2015 13:10:40] Error at framework/model/MySQLDatabase.php line 598: Couldn't run query: 
SELECT DISTINCT "SiteTree_Live"."ClassName", "SiteTree_Live"."Created", "SiteTree_Live"."LastEdited", "SiteTree_Live"."URLSegment", "SiteTree_Live"."Title", "SiteTree_Live"."MenuTitle", "SiteTree_Live"."Content", "SiteTree_Live"."MetaDescription", "SiteTree_Live"."ExtraMeta", "SiteTree_Live"."ShowInMenus", "SiteTree_Live"."ShowInSearch", "SiteTree_Live"."Sort", "SiteTree_Live"."HasBrokenFile", "SiteTree_Live"."HasBrokenLink", "SiteTree_Live"."ReportClass", "SiteTree_Live"."CanViewType", "SiteTree_Live"."CanEditType", "SiteTree_Live"."Priority", "SiteTree_Live"."Version", "SiteTree_Live"."ParentID", "Page_Live"."BackgroundColor", "Page_Live"."Height", "Page_Live"."FullWidth", "Page_Live"."HideSidebar", "Page_Live"."HideDefaultSlider", "Page_Live"."BackgroundImageID", "SiteTree_Live"."ID", CASE WHEN "SiteTree_Live"."ClassName" IS NOT NULL THEN "SiteTree_Live"."ClassName" ELSE 'SiteTree' END AS "RecordClassName"
FROM "SiteTree_Live"
LEFT JOIN "Page_Live" ON "Page_Live"."ID" = "SiteTree_Live"."ID"
WHERE ("SiteTree_Live"."ClassName" IN ('ProductCategoryHolder'))
ORDER BY "SiteTree_Live"."Sort" ASC
LIMIT 1 

Unknown column 'Page_Live.BackgroundColor' in 'field list' (http://pantry.local/_SILVERSTRIPE/denturetech-sales-tool/?flush=all&flushtoken=532379d04e7a11ab5c23283f73a303cb)
[28-Apr-2015 09:47:07] Error at framework/core/Object.php line 763: Uncaught Exception: Object->__call(): the method 'customize' does not exist on 'ProductPage_Controller' (http://pantry.local/_SILVERSTRIPE/denturetech-sales-tool/categories/full-denture/euro-style/gallery)
[28-Apr-2015 09:47:24] Error at framework/core/Object.php line 763: Uncaught Exception: Object->__call(): the method 'customize' does not exist on 'ProductPage_Controller' (http://pantry.local/_SILVERSTRIPE/denturetech-sales-tool/categories/full-denture/euro-style/gallery)
